<?xml version="1.0" encoding="UTF-8"?>
<robot generator="Robot 6.1.1 (Python 3.10.6 on win32)" generated="20231201 19:27:57.344" rpa="false" schemaversion="4">
<suite id="s1" name="API testing" source="C:\Users\Данила\Desktop\API_testing">
<suite id="s1-s1" name="Mock Test" source="C:\Users\Данила\Desktop\API_testing\mock_test.robot">
<test id="s1-s1-t1" name="Test_reverse_1" line="7">
<kw name="Testing">
<arg>53.198627</arg>
<arg>50.113987</arg>
<arg>['Россия', 'Самара', 'Садовая улица']</arg>
<kw name="Rek" library="main">
<var>${character}</var>
<arg>${elem1}</arg>
<arg>${elem2}</arg>
<msg timestamp="20231201 19:27:57.659" level="INFO">${character} = ['Россия', 'Самара', 'Садовая улица']</msg>
<status status="PASS" starttime="20231201 19:27:57.479" endtime="20231201 19:27:57.659"/>
</kw>
<kw name="Should Be Equal" library="BuiltIn">
<arg>['${character[0]}', '${character[1]}', '${character[2]}']</arg>
<arg>${expect}</arg>
<doc>Fails if the given objects are unequal.</doc>
<status status="PASS" starttime="20231201 19:27:57.659" endtime="20231201 19:27:57.661"/>
</kw>
<status status="PASS" starttime="20231201 19:27:57.478" endtime="20231201 19:27:57.662"/>
</kw>
<status status="PASS" starttime="20231201 19:27:57.478" endtime="20231201 19:27:57.662"/>
</test>
<status status="PASS" starttime="20231201 19:27:57.371" endtime="20231201 19:27:57.663"/>
</suite>
<status status="PASS" starttime="20231201 19:27:57.347" endtime="20231201 19:27:57.664"/>
</suite>
<statistics>
<total>
<stat pass="1" fail="0" skip="0">All Tests</stat>
</total>
<tag>
</tag>
<suite>
<stat pass="1" fail="0" skip="0" id="s1" name="API testing">API testing</stat>
<stat pass="1" fail="0" skip="0" id="s1-s1" name="Mock Test">API testing.Mock Test</stat>
</suite>
</statistics>
<errors>
</errors>
</robot>
